<?xml version="1.0" encoding="UTF-8"?>
<!-- Generated by org.testng.reporters.JUnitReportReporter -->
<testsuite hostname="Sanket-PC" failures="0" tests="1" name="Testcases.OraneHRM.Jobs" time="19.865" errors="0" timestamp="29 Feb 2024 11:17:43 GMT" skipped="0">
  <testcase classname="Testcases.OraneHRM.Jobs" name="LoginTest" time="19.865"/>
</testsuite> <!-- Testcases.OraneHRM.Jobs -->
