<?xml version="1.0" encoding="UTF-8"?>
<!-- Generated by org.testng.reporters.JUnitReportReporter -->
<testsuite hostname="Sanket-PC" failures="0" tests="1" name="Testcases.OraneHRM.Delete" time="24.219" errors="0" timestamp="01 Mar 2024 04:13:51 GMT" skipped="0">
  <testcase classname="Testcases.OraneHRM.Delete" name="LoginTest" time="24.219"/>
</testsuite> <!-- Testcases.OraneHRM.Delete -->
