<?xml version="1.0" encoding="UTF-8"?>
<!-- Generated by org.testng.reporters.JUnitReportReporter -->
<testsuite hostname="Sanket-PC" failures="0" tests="1" name="Testcases.OraneHRM.Attachments" time="19.630" errors="0" timestamp="29 Feb 2024 12:07:22 GMT" skipped="0">
  <testcase classname="Testcases.OraneHRM.Attachments" name="LoginTest" time="19.630"/>
</testsuite> <!-- Testcases.OraneHRM.Attachments -->
