<?xml version="1.0" encoding="UTF-8"?>
<!-- Generated by org.testng.reporters.JUnitReportReporter -->
<testsuite hostname="Sanket-PC" failures="0" tests="1" name="Testcases.OraneHRM.Immigration" time="18.692" errors="0" timestamp="29 Feb 2024 11:27:45 GMT" skipped="0">
  <testcase classname="Testcases.OraneHRM.Immigration" name="LoginTest" time="18.692"/>
</testsuite> <!-- Testcases.OraneHRM.Immigration -->
