<?xml version="1.0" encoding="UTF-8"?>
<!-- Generated by org.testng.reporters.JUnitReportReporter -->
<testsuite hostname="Sanket-PC" failures="0" tests="1" name="Testcases.OraneHRM.Login" time="12.338" errors="0" timestamp="2024-02-29T10:29:33 IST" skipped="0">
  <testcase classname="Testcases.OraneHRM.Login" name="LoginTest" time="12.338"/>
  <system-out/>
</testsuite> <!-- Testcases.OraneHRM.Login -->
