<?xml version="1.0" encoding="UTF-8"?>
<!-- Generated by org.testng.reporters.JUnitReportReporter -->
<testsuite hostname="Sanket-PC" failures="0" tests="1" name="Testcases.OraneHRM.Jobs" time="23.068" errors="0" timestamp="2024-02-29T16:59:18 IST" skipped="0">
  <testcase classname="Testcases.OraneHRM.Jobs" name="LoginTest" time="23.068"/>
  <system-out/>
</testsuite> <!-- Testcases.OraneHRM.Jobs -->
