<?xml version="1.0" encoding="UTF-8"?>
<!-- Generated by org.testng.reporters.JUnitReportReporter -->
<testsuite hostname="Sanket-PC" failures="0" tests="1" name="Testcases.OraneHRM.AppTest" time="4.716" errors="0" timestamp="2024-02-29T10:10:51 IST" skipped="0">
  <testcase classname="Testcases.OraneHRM.AppTest" name="TesterApp" time="4.716"/>
  <system-out/>
</testsuite> <!-- Testcases.OraneHRM.AppTest -->
